app/build/intermediates/manifest_merge_blame_file/debug/manifest-merger-blame-debug-report.txt
1<?xml version="1.0" encoding="utf-8"?>
2<manifest xmlns:android="http://schemas.android.com/apk/res/android"
3    package="com.example.saglife"
4    android:versionCode="1"
5    android:versionName="1.0" >
6
7    <uses-sdk
8        android:minSdkVersion="21"
9        android:targetSdkVersion="34" />
10
11    <uses-permission android:name="android.permission.ACCESS_NETWORK_STATE" />
11-->[com.firebaseui:firebase-ui-auth:8.0.2] AndroidManifest.xml:10:5-79
11-->[com.firebaseui:firebase-ui-auth:8.0.2] AndroidManifest.xml:10:22-76
12    <uses-permission android:name="android.permission.INTERNET" /> <!-- Used to check if a browser is available before launching phone auth -->
12-->[com.firebaseui:firebase-ui-auth:8.0.2] AndroidManifest.xml:11:5-67
12-->[com.firebaseui:firebase-ui-auth:8.0.2] AndroidManifest.xml:11:22-64
13    <!-- See ui/phone/PhoneNumberVerificationHandler.isBrowserAvailable() -->
14    <queries>
14-->[com.firebaseui:firebase-ui-auth:8.0.2] AndroidManifest.xml:15:5-23:15
15        <intent>
15-->[com.firebaseui:firebase-ui-auth:8.0.2] AndroidManifest.xml:16:9-22:18
16            <action android:name="android.intent.action.VIEW" />
16-->[com.firebaseui:firebase-ui-auth:8.0.2] AndroidManifest.xml:17:13-65
16-->[com.firebaseui:firebase-ui-auth:8.0.2] AndroidManifest.xml:17:21-62
17
18            <category android:name="android.intent.category.BROWSABLE" />
18-->[com.firebaseui:firebase-ui-auth:8.0.2] AndroidManifest.xml:19:13-74
18-->[com.firebaseui:firebase-ui-auth:8.0.2] AndroidManifest.xml:19:23-71
19
20            <data android:scheme="http" />
20-->[com.firebaseui:firebase-ui-auth:8.0.2] AndroidManifest.xml:21:13-43
20-->[com.firebaseui:firebase-ui-auth:8.0.2] AndroidManifest.xml:21:19-40
21        </intent>
22        <!-- Needs to be explicitly declared on Android R+ -->
23        <package android:name="com.google.android.apps.maps" />
23-->[com.google.android.gms:play-services-maps:18.0.2] AndroidManifest.xml:33:9-64
23-->[com.google.android.gms:play-services-maps:18.0.2] AndroidManifest.xml:33:18-61
24    </queries>
25
26    <uses-permission android:name="android.permission.WAKE_LOCK" />
26-->[com.google.android.gms:play-services-measurement-api:21.4.0] AndroidManifest.xml:24:5-68
26-->[com.google.android.gms:play-services-measurement-api:21.4.0] AndroidManifest.xml:24:22-65
27    <uses-permission android:name="com.google.android.gms.permission.AD_ID" />
27-->[com.google.android.gms:play-services-measurement-api:21.4.0] AndroidManifest.xml:25:5-79
27-->[com.google.android.gms:play-services-measurement-api:21.4.0] AndroidManifest.xml:25:22-76
28
29    <uses-feature
29-->[com.google.android.gms:play-services-maps:18.0.2] AndroidManifest.xml:26:5-28:35
30        android:glEsVersion="0x00020000"
30-->[com.google.android.gms:play-services-maps:18.0.2] AndroidManifest.xml:27:9-41
31        android:required="true" />
31-->[com.google.android.gms:play-services-maps:18.0.2] AndroidManifest.xml:28:9-32
32
33    <uses-permission android:name="com.google.android.finsky.permission.BIND_GET_INSTALL_REFERRER_SERVICE" />
33-->[com.google.android.gms:play-services-measurement:21.4.0] AndroidManifest.xml:26:5-110
33-->[com.google.android.gms:play-services-measurement:21.4.0] AndroidManifest.xml:26:22-107
34
35    <permission
35-->[androidx.core:core:1.12.0] AndroidManifest.xml:22:5-24:47
36        android:name="com.example.saglife.DYNAMIC_RECEIVER_NOT_EXPORTED_PERMISSION"
36-->[androidx.core:core:1.12.0] AndroidManifest.xml:23:9-81
37        android:protectionLevel="signature" />
37-->[androidx.core:core:1.12.0] AndroidManifest.xml:24:9-44
38
39    <uses-permission android:name="com.example.saglife.DYNAMIC_RECEIVER_NOT_EXPORTED_PERMISSION" />
39-->[androidx.core:core:1.12.0] AndroidManifest.xml:26:5-97
39-->[androidx.core:core:1.12.0] AndroidManifest.xml:26:22-94
40
41    <application
41-->src/main/AndroidManifest.xml:5:5-24:19
42        android:allowBackup="true"
42-->src/main/AndroidManifest.xml:6:9-35
43        android:appComponentFactory="androidx.core.app.CoreComponentFactory"
43-->[androidx.core:core:1.12.0] AndroidManifest.xml:28:18-86
44        android:dataExtractionRules="@xml/data_extraction_rules"
44-->src/main/AndroidManifest.xml:7:9-65
45        android:debuggable="true"
46        android:extractNativeLibs="true"
47        android:fullBackupContent="@xml/backup_rules"
47-->src/main/AndroidManifest.xml:8:9-54
48        android:icon="@mipmap/ic_saglife_purple_launcher"
48-->src/main/AndroidManifest.xml:9:9-58
49        android:label="@string/app_name"
49-->src/main/AndroidManifest.xml:10:9-41
50        android:supportsRtl="true"
50-->src/main/AndroidManifest.xml:11:9-35
51        android:testOnly="true" >
52        <activity
52-->src/main/AndroidManifest.xml:15:9-22:20
53            android:name="com.example.saglife.MainActivity"
53-->src/main/AndroidManifest.xml:16:13-41
54            android:exported="true" >
54-->src/main/AndroidManifest.xml:17:13-36
55            <intent-filter>
55-->src/main/AndroidManifest.xml:18:13-21:29
56                <action android:name="android.intent.action.MAIN" />
56-->src/main/AndroidManifest.xml:19:17-69
56-->src/main/AndroidManifest.xml:19:25-66
57
58                <category android:name="android.intent.category.LAUNCHER" />
58-->src/main/AndroidManifest.xml:20:17-77
58-->src/main/AndroidManifest.xml:20:27-74
59            </intent-filter>
60        </activity>
61
62        <meta-data
62-->[com.firebaseui:firebase-ui-auth:8.0.2] AndroidManifest.xml:26:9-28:69
63            android:name="com.google.android.gms.version"
63-->[com.firebaseui:firebase-ui-auth:8.0.2] AndroidManifest.xml:27:13-58
64            android:value="@integer/google_play_services_version" />
64-->[com.firebaseui:firebase-ui-auth:8.0.2] AndroidManifest.xml:28:13-66
65        <meta-data
65-->[com.firebaseui:firebase-ui-auth:8.0.2] AndroidManifest.xml:29:9-31:63
66            android:name="com.facebook.sdk.ApplicationId"
66-->[com.firebaseui:firebase-ui-auth:8.0.2] AndroidManifest.xml:30:13-58
67            android:value="@string/facebook_application_id" />
67-->[com.firebaseui:firebase-ui-auth:8.0.2] AndroidManifest.xml:31:13-60
68
69        <activity
69-->[com.firebaseui:firebase-ui-auth:8.0.2] AndroidManifest.xml:33:9-37:61
70            android:name="com.firebase.ui.auth.KickoffActivity"
70-->[com.firebaseui:firebase-ui-auth:8.0.2] AndroidManifest.xml:34:13-64
71            android:exported="false"
71-->[com.firebaseui:firebase-ui-auth:8.0.2] AndroidManifest.xml:35:13-37
72            android:label=""
72-->[com.firebaseui:firebase-ui-auth:8.0.2] AndroidManifest.xml:36:13-29
73            android:theme="@style/FirebaseUI.Transparent" />
73-->[com.firebaseui:firebase-ui-auth:8.0.2] AndroidManifest.xml:37:13-58
74        <activity
74-->[com.firebaseui:firebase-ui-auth:8.0.2] AndroidManifest.xml:38:9-42:61
75            android:name="com.firebase.ui.auth.ui.idp.SingleSignInActivity"
75-->[com.firebaseui:firebase-ui-auth:8.0.2] AndroidManifest.xml:39:13-76
76            android:exported="false"
76-->[com.firebaseui:firebase-ui-auth:8.0.2] AndroidManifest.xml:40:13-37
77            android:label=""
77-->[com.firebaseui:firebase-ui-auth:8.0.2] AndroidManifest.xml:41:13-29
78            android:theme="@style/FirebaseUI.Transparent" />
78-->[com.firebaseui:firebase-ui-auth:8.0.2] AndroidManifest.xml:42:13-58
79        <activity
79-->[com.firebaseui:firebase-ui-auth:8.0.2] AndroidManifest.xml:43:9-47:61
80            android:name="com.firebase.ui.auth.ui.credentials.CredentialSaveActivity"
80-->[com.firebaseui:firebase-ui-auth:8.0.2] AndroidManifest.xml:44:13-86
81            android:exported="false"
81-->[com.firebaseui:firebase-ui-auth:8.0.2] AndroidManifest.xml:45:13-37
82            android:label=""
82-->[com.firebaseui:firebase-ui-auth:8.0.2] AndroidManifest.xml:46:13-29
83            android:theme="@style/FirebaseUI.Transparent" />
83-->[com.firebaseui:firebase-ui-auth:8.0.2] AndroidManifest.xml:47:13-58
84        <activity
84-->[com.firebaseui:firebase-ui-auth:8.0.2] AndroidManifest.xml:48:9-52:58
85            android:name="com.firebase.ui.auth.ui.email.RecoverPasswordActivity"
85-->[com.firebaseui:firebase-ui-auth:8.0.2] AndroidManifest.xml:49:13-81
86            android:exported="false"
86-->[com.firebaseui:firebase-ui-auth:8.0.2] AndroidManifest.xml:50:13-37
87            android:label="@string/fui_title_recover_password_activity"
87-->[com.firebaseui:firebase-ui-auth:8.0.2] AndroidManifest.xml:51:13-72
88            android:windowSoftInputMode="adjustResize" />
88-->[com.firebaseui:firebase-ui-auth:8.0.2] AndroidManifest.xml:52:13-55
89        <activity
89-->[com.firebaseui:firebase-ui-auth:8.0.2] AndroidManifest.xml:53:9-57:58
90            android:name="com.firebase.ui.auth.ui.email.EmailActivity"
90-->[com.firebaseui:firebase-ui-auth:8.0.2] AndroidManifest.xml:54:13-71
91            android:exported="false"
91-->[com.firebaseui:firebase-ui-auth:8.0.2] AndroidManifest.xml:55:13-37
92            android:label="@string/fui_sign_in_default"
92-->[com.firebaseui:firebase-ui-auth:8.0.2] AndroidManifest.xml:56:13-56
93            android:windowSoftInputMode="adjustResize" />
93-->[com.firebaseui:firebase-ui-auth:8.0.2] AndroidManifest.xml:57:13-55
94        <activity
94-->[com.firebaseui:firebase-ui-auth:8.0.2] AndroidManifest.xml:58:9-62:77
95            android:name="com.firebase.ui.auth.ui.phone.PhoneActivity"
95-->[com.firebaseui:firebase-ui-auth:8.0.2] AndroidManifest.xml:59:13-71
96            android:exported="false"
96-->[com.firebaseui:firebase-ui-auth:8.0.2] AndroidManifest.xml:60:13-37
97            android:label="@string/fui_sign_in_with_phone_number"
97-->[com.firebaseui:firebase-ui-auth:8.0.2] AndroidManifest.xml:61:13-66
98            android:windowSoftInputMode="adjustResize|stateAlwaysVisible" />
98-->[com.firebaseui:firebase-ui-auth:8.0.2] AndroidManifest.xml:62:13-74
99        <activity
99-->[com.firebaseui:firebase-ui-auth:8.0.2] AndroidManifest.xml:63:9-67:58
100            android:name="com.firebase.ui.auth.ui.idp.WelcomeBackIdpPrompt"
100-->[com.firebaseui:firebase-ui-auth:8.0.2] AndroidManifest.xml:64:13-76
101            android:exported="false"
101-->[com.firebaseui:firebase-ui-auth:8.0.2] AndroidManifest.xml:65:13-37
102            android:label="@string/fui_title_welcome_back_idp_prompt"
102-->[com.firebaseui:firebase-ui-auth:8.0.2] AndroidManifest.xml:66:13-70
103            android:windowSoftInputMode="adjustResize" />
103-->[com.firebaseui:firebase-ui-auth:8.0.2] AndroidManifest.xml:67:13-55
104        <activity
104-->[com.firebaseui:firebase-ui-auth:8.0.2] AndroidManifest.xml:68:9-72:58
105            android:name="com.firebase.ui.auth.ui.email.WelcomeBackPasswordPrompt"
105-->[com.firebaseui:firebase-ui-auth:8.0.2] AndroidManifest.xml:69:13-83
106            android:exported="false"
106-->[com.firebaseui:firebase-ui-auth:8.0.2] AndroidManifest.xml:70:13-37
107            android:label="@string/fui_title_welcome_back_password_prompt"
107-->[com.firebaseui:firebase-ui-auth:8.0.2] AndroidManifest.xml:71:13-75
108            android:windowSoftInputMode="adjustResize" />
108-->[com.firebaseui:firebase-ui-auth:8.0.2] AndroidManifest.xml:72:13-55
109        <activity
109-->[com.firebaseui:firebase-ui-auth:8.0.2] AndroidManifest.xml:73:9-77:58
110            android:name="com.firebase.ui.auth.ui.email.WelcomeBackEmailLinkPrompt"
110-->[com.firebaseui:firebase-ui-auth:8.0.2] AndroidManifest.xml:74:13-84
111            android:exported="false"
111-->[com.firebaseui:firebase-ui-auth:8.0.2] AndroidManifest.xml:75:13-37
112            android:label="@string/fui_title_welcome_back_password_prompt"
112-->[com.firebaseui:firebase-ui-auth:8.0.2] AndroidManifest.xml:76:13-75
113            android:windowSoftInputMode="adjustResize" />
113-->[com.firebaseui:firebase-ui-auth:8.0.2] AndroidManifest.xml:77:13-55
114        <activity
114-->[com.firebaseui:firebase-ui-auth:8.0.2] AndroidManifest.xml:78:9-83:58
115            android:name="com.firebase.ui.auth.ui.email.EmailLinkCatcherActivity"
115-->[com.firebaseui:firebase-ui-auth:8.0.2] AndroidManifest.xml:79:13-82
116            android:exported="false"
116-->[com.firebaseui:firebase-ui-auth:8.0.2] AndroidManifest.xml:80:13-37
117            android:label=""
117-->[com.firebaseui:firebase-ui-auth:8.0.2] AndroidManifest.xml:81:13-29
118            android:theme="@style/FirebaseUI.Transparent"
118-->[com.firebaseui:firebase-ui-auth:8.0.2] AndroidManifest.xml:82:13-58
119            android:windowSoftInputMode="adjustResize" />
119-->[com.firebaseui:firebase-ui-auth:8.0.2] AndroidManifest.xml:83:13-55
120        <activity
120-->[com.firebaseui:firebase-ui-auth:8.0.2] AndroidManifest.xml:84:9-88:58
121            android:name="com.firebase.ui.auth.ui.email.EmailLinkErrorRecoveryActivity"
121-->[com.firebaseui:firebase-ui-auth:8.0.2] AndroidManifest.xml:85:13-88
122            android:exported="false"
122-->[com.firebaseui:firebase-ui-auth:8.0.2] AndroidManifest.xml:86:13-37
123            android:label="@string/fui_sign_in_default"
123-->[com.firebaseui:firebase-ui-auth:8.0.2] AndroidManifest.xml:87:13-56
124            android:windowSoftInputMode="adjustResize" />
124-->[com.firebaseui:firebase-ui-auth:8.0.2] AndroidManifest.xml:88:13-55
125        <activity
125-->[com.firebaseui:firebase-ui-auth:8.0.2] AndroidManifest.xml:89:9-92:65
126            android:name="com.firebase.ui.auth.ui.idp.AuthMethodPickerActivity"
126-->[com.firebaseui:firebase-ui-auth:8.0.2] AndroidManifest.xml:90:13-80
127            android:exported="false"
127-->[com.firebaseui:firebase-ui-auth:8.0.2] AndroidManifest.xml:91:13-37
128            android:label="@string/fui_default_toolbar_title" />
128-->[com.firebaseui:firebase-ui-auth:8.0.2] AndroidManifest.xml:92:13-62
129        <activity
129-->[com.firebaseui:firebase-ui-auth:8.0.2] AndroidManifest.xml:93:9-97:48
130            android:name="com.facebook.FacebookActivity"
130-->[com.firebaseui:firebase-ui-auth:8.0.2] AndroidManifest.xml:94:13-57
131            android:configChanges="keyboard|keyboardHidden|screenLayout|screenSize|orientation"
131-->[com.firebaseui:firebase-ui-auth:8.0.2] AndroidManifest.xml:95:13-96
132            android:label="@string/app_name" />
132-->[com.firebaseui:firebase-ui-auth:8.0.2] AndroidManifest.xml:96:13-45
133        <activity
133-->[com.firebaseui:firebase-ui-auth:8.0.2] AndroidManifest.xml:98:9-110:20
134            android:name="com.facebook.CustomTabActivity"
134-->[com.firebaseui:firebase-ui-auth:8.0.2] AndroidManifest.xml:99:13-58
135            android:exported="true" >
135-->[com.firebaseui:firebase-ui-auth:8.0.2] AndroidManifest.xml:100:13-36
136            <intent-filter>
136-->[com.firebaseui:firebase-ui-auth:8.0.2] AndroidManifest.xml:102:13-109:29
137                <action android:name="android.intent.action.VIEW" />
137-->[com.firebaseui:firebase-ui-auth:8.0.2] AndroidManifest.xml:17:13-65
137-->[com.firebaseui:firebase-ui-auth:8.0.2] AndroidManifest.xml:17:21-62
138
139                <category android:name="android.intent.category.DEFAULT" />
139-->[com.firebaseui:firebase-ui-auth:8.0.2] AndroidManifest.xml:105:17-76
139-->[com.firebaseui:firebase-ui-auth:8.0.2] AndroidManifest.xml:105:27-73
140                <category android:name="android.intent.category.BROWSABLE" />
140-->[com.firebaseui:firebase-ui-auth:8.0.2] AndroidManifest.xml:19:13-74
140-->[com.firebaseui:firebase-ui-auth:8.0.2] AndroidManifest.xml:19:23-71
141
142                <data android:scheme="@string/facebook_login_protocol_scheme" />
142-->[com.firebaseui:firebase-ui-auth:8.0.2] AndroidManifest.xml:21:13-43
142-->[com.firebaseui:firebase-ui-auth:8.0.2] AndroidManifest.xml:21:19-40
143            </intent-filter>
144        </activity>
145
146        <provider
146-->[com.firebaseui:firebase-ui-auth:8.0.2] AndroidManifest.xml:112:9-116:38
147            android:name="com.firebase.ui.auth.data.client.AuthUiInitProvider"
147-->[com.firebaseui:firebase-ui-auth:8.0.2] AndroidManifest.xml:113:13-79
148            android:authorities="com.example.saglife.authuiinitprovider"
148-->[com.firebaseui:firebase-ui-auth:8.0.2] AndroidManifest.xml:114:13-70
149            android:exported="false"
149-->[com.firebaseui:firebase-ui-auth:8.0.2] AndroidManifest.xml:115:13-37
150            android:initOrder="90" />
150-->[com.firebaseui:firebase-ui-auth:8.0.2] AndroidManifest.xml:116:13-35
151
152        <service
152-->[com.google.firebase:firebase-firestore-ktx:24.9.0] AndroidManifest.xml:9:9-15:19
153            android:name="com.google.firebase.components.ComponentDiscoveryService"
153-->[com.google.firebase:firebase-firestore-ktx:24.9.0] AndroidManifest.xml:10:13-84
154            android:directBootAware="true"
154-->[com.google.firebase:firebase-common:20.4.2] AndroidManifest.xml:32:13-43
155            android:exported="false" >
155-->[com.google.firebase:firebase-firestore-ktx:24.9.0] AndroidManifest.xml:11:13-37
156            <meta-data
156-->[com.google.firebase:firebase-firestore-ktx:24.9.0] AndroidManifest.xml:12:13-14:85
157                android:name="com.google.firebase.components:com.google.firebase.firestore.ktx.FirebaseFirestoreLegacyRegistrar"
157-->[com.google.firebase:firebase-firestore-ktx:24.9.0] AndroidManifest.xml:13:17-129
158                android:value="com.google.firebase.components.ComponentRegistrar" />
158-->[com.google.firebase:firebase-firestore-ktx:24.9.0] AndroidManifest.xml:14:17-82
159            <meta-data
159-->[com.google.firebase:firebase-storage:20.3.0] AndroidManifest.xml:30:13-32:85
160                android:name="com.google.firebase.components:com.google.firebase.storage.FirebaseStorageKtxRegistrar"
160-->[com.google.firebase:firebase-storage:20.3.0] AndroidManifest.xml:31:17-118
161                android:value="com.google.firebase.components.ComponentRegistrar" />
161-->[com.google.firebase:firebase-storage:20.3.0] AndroidManifest.xml:32:17-82
162            <meta-data
162-->[com.google.firebase:firebase-storage:20.3.0] AndroidManifest.xml:33:13-35:85
163                android:name="com.google.firebase.components:com.google.firebase.storage.StorageRegistrar"
163-->[com.google.firebase:firebase-storage:20.3.0] AndroidManifest.xml:34:17-107
164                android:value="com.google.firebase.components.ComponentRegistrar" />
164-->[com.google.firebase:firebase-storage:20.3.0] AndroidManifest.xml:35:17-82
165            <meta-data
165-->[com.google.firebase:firebase-auth:22.2.0] AndroidManifest.xml:69:13-71:85
166                android:name="com.google.firebase.components:com.google.firebase.auth.FirebaseAuthRegistrar"
166-->[com.google.firebase:firebase-auth:22.2.0] AndroidManifest.xml:70:17-109
167                android:value="com.google.firebase.components.ComponentRegistrar" />
167-->[com.google.firebase:firebase-auth:22.2.0] AndroidManifest.xml:71:17-82
168            <meta-data
168-->[com.google.firebase:firebase-firestore:24.9.0] AndroidManifest.xml:17:13-19:85
169                android:name="com.google.firebase.components:com.google.firebase.firestore.FirebaseFirestoreKtxRegistrar"
169-->[com.google.firebase:firebase-firestore:24.9.0] AndroidManifest.xml:18:17-122
170                android:value="com.google.firebase.components.ComponentRegistrar" />
170-->[com.google.firebase:firebase-firestore:24.9.0] AndroidManifest.xml:19:17-82
171            <meta-data
171-->[com.google.firebase:firebase-firestore:24.9.0] AndroidManifest.xml:20:13-22:85
172                android:name="com.google.firebase.components:com.google.firebase.firestore.FirestoreRegistrar"
172-->[com.google.firebase:firebase-firestore:24.9.0] AndroidManifest.xml:21:17-111
173                android:value="com.google.firebase.components.ComponentRegistrar" />
173-->[com.google.firebase:firebase-firestore:24.9.0] AndroidManifest.xml:22:17-82
174            <meta-data
174-->[com.google.firebase:firebase-appcheck:17.1.0] AndroidManifest.xml:25:13-27:85
175                android:name="com.google.firebase.components:com.google.firebase.appcheck.FirebaseAppCheckKtxRegistrar"
175-->[com.google.firebase:firebase-appcheck:17.1.0] AndroidManifest.xml:26:17-120
176                android:value="com.google.firebase.components.ComponentRegistrar" />
176-->[com.google.firebase:firebase-appcheck:17.1.0] AndroidManifest.xml:27:17-82
177            <meta-data
177-->[com.google.firebase:firebase-appcheck:17.1.0] AndroidManifest.xml:28:13-30:85
178                android:name="com.google.firebase.components:com.google.firebase.appcheck.FirebaseAppCheckRegistrar"
178-->[com.google.firebase:firebase-appcheck:17.1.0] AndroidManifest.xml:29:17-117
179                android:value="com.google.firebase.components.ComponentRegistrar" />
179-->[com.google.firebase:firebase-appcheck:17.1.0] AndroidManifest.xml:30:17-82
180            <meta-data
180-->[com.google.android.gms:play-services-measurement-api:21.4.0] AndroidManifest.xml:31:13-33:85
181                android:name="com.google.firebase.components:com.google.firebase.analytics.connector.internal.AnalyticsConnectorRegistrar"
181-->[com.google.android.gms:play-services-measurement-api:21.4.0] AndroidManifest.xml:32:17-139
182                android:value="com.google.firebase.components.ComponentRegistrar" />
182-->[com.google.android.gms:play-services-measurement-api:21.4.0] AndroidManifest.xml:33:17-82
183            <meta-data
183-->[com.google.firebase:firebase-installations:17.2.0] AndroidManifest.xml:15:13-17:85
184                android:name="com.google.firebase.components:com.google.firebase.installations.FirebaseInstallationsKtxRegistrar"
184-->[com.google.firebase:firebase-installations:17.2.0] AndroidManifest.xml:16:17-130
185                android:value="com.google.firebase.components.ComponentRegistrar" />
185-->[com.google.firebase:firebase-installations:17.2.0] AndroidManifest.xml:17:17-82
186            <meta-data
186-->[com.google.firebase:firebase-installations:17.2.0] AndroidManifest.xml:18:13-20:85
187                android:name="com.google.firebase.components:com.google.firebase.installations.FirebaseInstallationsRegistrar"
187-->[com.google.firebase:firebase-installations:17.2.0] AndroidManifest.xml:19:17-127
188                android:value="com.google.firebase.components.ComponentRegistrar" />
188-->[com.google.firebase:firebase-installations:17.2.0] AndroidManifest.xml:20:17-82
189            <meta-data
189-->[com.google.firebase:firebase-common-ktx:20.4.2] AndroidManifest.xml:12:13-14:85
190                android:name="com.google.firebase.components:com.google.firebase.ktx.FirebaseCommonLegacyRegistrar"
190-->[com.google.firebase:firebase-common-ktx:20.4.2] AndroidManifest.xml:13:17-116
191                android:value="com.google.firebase.components.ComponentRegistrar" />
191-->[com.google.firebase:firebase-common-ktx:20.4.2] AndroidManifest.xml:14:17-82
192            <meta-data
192-->[com.google.firebase:firebase-common:20.4.2] AndroidManifest.xml:35:13-37:85
193                android:name="com.google.firebase.components:com.google.firebase.FirebaseCommonKtxRegistrar"
193-->[com.google.firebase:firebase-common:20.4.2] AndroidManifest.xml:36:17-109
194                android:value="com.google.firebase.components.ComponentRegistrar" />
194-->[com.google.firebase:firebase-common:20.4.2] AndroidManifest.xml:37:17-82
195        </service>
196
197        <activity
197-->[com.google.firebase:firebase-auth:22.2.0] AndroidManifest.xml:29:9-46:20
198            android:name="com.google.firebase.auth.internal.GenericIdpActivity"
198-->[com.google.firebase:firebase-auth:22.2.0] AndroidManifest.xml:30:13-80
199            android:excludeFromRecents="true"
199-->[com.google.firebase:firebase-auth:22.2.0] AndroidManifest.xml:31:13-46
200            android:exported="true"
200-->[com.google.firebase:firebase-auth:22.2.0] AndroidManifest.xml:32:13-36
201            android:launchMode="singleTask"
201-->[com.google.firebase:firebase-auth:22.2.0] AndroidManifest.xml:33:13-44
202            android:theme="@android:style/Theme.Translucent.NoTitleBar" >
202-->[com.google.firebase:firebase-auth:22.2.0] AndroidManifest.xml:34:13-72
203            <intent-filter>
203-->[com.google.firebase:firebase-auth:22.2.0] AndroidManifest.xml:35:13-45:29
204                <action android:name="android.intent.action.VIEW" />
204-->[com.firebaseui:firebase-ui-auth:8.0.2] AndroidManifest.xml:17:13-65
204-->[com.firebaseui:firebase-ui-auth:8.0.2] AndroidManifest.xml:17:21-62
205
206                <category android:name="android.intent.category.DEFAULT" />
206-->[com.firebaseui:firebase-ui-auth:8.0.2] AndroidManifest.xml:105:17-76
206-->[com.firebaseui:firebase-ui-auth:8.0.2] AndroidManifest.xml:105:27-73
207                <category android:name="android.intent.category.BROWSABLE" />
207-->[com.firebaseui:firebase-ui-auth:8.0.2] AndroidManifest.xml:19:13-74
207-->[com.firebaseui:firebase-ui-auth:8.0.2] AndroidManifest.xml:19:23-71
208
209                <data
209-->[com.firebaseui:firebase-ui-auth:8.0.2] AndroidManifest.xml:21:13-43
210                    android:host="firebase.auth"
211                    android:path="/"
212                    android:scheme="genericidp" />
212-->[com.firebaseui:firebase-ui-auth:8.0.2] AndroidManifest.xml:21:19-40
213            </intent-filter>
214        </activity>
215        <activity
215-->[com.google.firebase:firebase-auth:22.2.0] AndroidManifest.xml:47:9-64:20
216            android:name="com.google.firebase.auth.internal.RecaptchaActivity"
216-->[com.google.firebase:firebase-auth:22.2.0] AndroidManifest.xml:48:13-79
217            android:excludeFromRecents="true"
217-->[com.google.firebase:firebase-auth:22.2.0] AndroidManifest.xml:49:13-46
218            android:exported="true"
218-->[com.google.firebase:firebase-auth:22.2.0] AndroidManifest.xml:50:13-36
219            android:launchMode="singleTask"
219-->[com.google.firebase:firebase-auth:22.2.0] AndroidManifest.xml:51:13-44
220            android:theme="@android:style/Theme.Translucent.NoTitleBar" >
220-->[com.google.firebase:firebase-auth:22.2.0] AndroidManifest.xml:52:13-72
221            <intent-filter>
221-->[com.google.firebase:firebase-auth:22.2.0] AndroidManifest.xml:53:13-63:29
222                <action android:name="android.intent.action.VIEW" />
222-->[com.firebaseui:firebase-ui-auth:8.0.2] AndroidManifest.xml:17:13-65
222-->[com.firebaseui:firebase-ui-auth:8.0.2] AndroidManifest.xml:17:21-62
223
224                <category android:name="android.intent.category.DEFAULT" />
224-->[com.firebaseui:firebase-ui-auth:8.0.2] AndroidManifest.xml:105:17-76
224-->[com.firebaseui:firebase-ui-auth:8.0.2] AndroidManifest.xml:105:27-73
225                <category android:name="android.intent.category.BROWSABLE" />
225-->[com.firebaseui:firebase-ui-auth:8.0.2] AndroidManifest.xml:19:13-74
225-->[com.firebaseui:firebase-ui-auth:8.0.2] AndroidManifest.xml:19:23-71
226
227                <data
227-->[com.firebaseui:firebase-ui-auth:8.0.2] AndroidManifest.xml:21:13-43
228                    android:host="firebase.auth"
229                    android:path="/"
230                    android:scheme="recaptcha" />
230-->[com.firebaseui:firebase-ui-auth:8.0.2] AndroidManifest.xml:21:19-40
231            </intent-filter>
232        </activity>
233        <activity
233-->[androidx.compose.ui:ui-tooling-android:1.5.4] AndroidManifest.xml:23:9-25:39
234            android:name="androidx.compose.ui.tooling.PreviewActivity"
234-->[androidx.compose.ui:ui-tooling-android:1.5.4] AndroidManifest.xml:24:13-71
235            android:exported="true" />
235-->[androidx.compose.ui:ui-tooling-android:1.5.4] AndroidManifest.xml:25:13-36
236        <activity
236-->[androidx.compose.ui:ui-test-manifest:1.5.4] AndroidManifest.xml:23:9-25:39
237            android:name="androidx.activity.ComponentActivity"
237-->[androidx.compose.ui:ui-test-manifest:1.5.4] AndroidManifest.xml:24:13-63
238            android:exported="true" />
238-->[androidx.compose.ui:ui-test-manifest:1.5.4] AndroidManifest.xml:25:13-36
239        <activity
239-->[com.google.android.gms:play-services-auth:20.3.0] AndroidManifest.xml:23:9-27:75
240            android:name="com.google.android.gms.auth.api.signin.internal.SignInHubActivity"
240-->[com.google.android.gms:play-services-auth:20.3.0] AndroidManifest.xml:24:13-93
241            android:excludeFromRecents="true"
241-->[com.google.android.gms:play-services-auth:20.3.0] AndroidManifest.xml:25:13-46
242            android:exported="false"
242-->[com.google.android.gms:play-services-auth:20.3.0] AndroidManifest.xml:26:13-37
243            android:theme="@android:style/Theme.Translucent.NoTitleBar" />
243-->[com.google.android.gms:play-services-auth:20.3.0] AndroidManifest.xml:27:13-72
244        <!--
245            Service handling Google Sign-In user revocation. For apps that do not integrate with
246            Google Sign-In, this service will never be started.
247        -->
248        <service
248-->[com.google.android.gms:play-services-auth:20.3.0] AndroidManifest.xml:33:9-37:51
249            android:name="com.google.android.gms.auth.api.signin.RevocationBoundService"
249-->[com.google.android.gms:play-services-auth:20.3.0] AndroidManifest.xml:34:13-89
250            android:exported="true"
250-->[com.google.android.gms:play-services-auth:20.3.0] AndroidManifest.xml:35:13-36
251            android:permission="com.google.android.gms.auth.api.signin.permission.REVOCATION_NOTIFICATION"
251-->[com.google.android.gms:play-services-auth:20.3.0] AndroidManifest.xml:36:13-107
252            android:visibleToInstantApps="true" /> <!-- Needs to be explicitly declared on P+ -->
252-->[com.google.android.gms:play-services-auth:20.3.0] AndroidManifest.xml:37:13-48
253        <uses-library
253-->[com.google.android.gms:play-services-maps:18.0.2] AndroidManifest.xml:39:9-41:40
254            android:name="org.apache.http.legacy"